<?xml version="1.0" encoding="UTF-8"?>
<!-- Generated by org.testng.reporters.JUnitXMLReporter -->
<testsuite ignored="0" hostname="Rajesh" failures="0" tests="4" name="Default test" time="19.086" errors="0" timestamp="16 Dec 2021 03:05:07 GMT">
  <testcase classname="testng.Phptravels" name="openurl" time="6.38"/>
  <testcase classname="testng.Phptravels" name="clicklogin" time="0.937"/>
  <testcase classname="testng.Phptravels" name="enterusernameandpassword" time="6.272"/>
  <testcase classname="testng.Phptravels" name="clicklogout" time="1.795"/>
</testsuite> <!-- Default test -->
