<?xml version="1.0" encoding="UTF-8"?>
<testng-results ignored="0" total="4" passed="4" failed="0" skipped="0">
  <reporter-output>
  </reporter-output>
  <suite started-at="2021-12-16T03:04:48Z" name="Default suite" finished-at="2021-12-16T03:05:07Z" duration-ms="19086">
    <groups>
    </groups>
    <test started-at="2021-12-16T03:04:48Z" name="Default test" finished-at="2021-12-16T03:05:07Z" duration-ms="19086">
      <class name="testng.Phptravels">
        <test-method is-config="true" signature="preconditions()[pri:0, instance:testng.Phptravels@2474f125]" started-at="2021-12-16T08:34:48Z" name="preconditions" finished-at="2021-12-16T08:34:51Z" duration-ms="3391" status="PASS">
          <reporter-output>
          </reporter-output>
        </test-method> <!-- preconditions -->
        <test-method signature="openurl()[pri:0, instance:testng.Phptravels@2474f125]" started-at="2021-12-16T08:34:51Z" name="openurl" finished-at="2021-12-16T08:34:57Z" duration-ms="6380" status="PASS">
          <reporter-output>
          </reporter-output>
        </test-method> <!-- openurl -->
        <test-method signature="clicklogin()[pri:1, instance:testng.Phptravels@2474f125]" started-at="2021-12-16T08:34:57Z" name="clicklogin" finished-at="2021-12-16T08:34:58Z" depends-on-methods="testng.Phptravels.openurl" duration-ms="937" status="PASS">
          <reporter-output>
          </reporter-output>
        </test-method> <!-- clicklogin -->
        <test-method signature="enterusernameandpassword()[pri:2, instance:testng.Phptravels@2474f125]" started-at="2021-12-16T08:34:58Z" name="enterusernameandpassword" finished-at="2021-12-16T08:35:05Z" depends-on-methods="testng.Phptravels.clicklogin" duration-ms="6272" status="PASS">
          <reporter-output>
          </reporter-output>
        </test-method> <!-- enterusernameandpassword -->
        <test-method signature="clicklogout()[pri:3, instance:testng.Phptravels@2474f125]" started-at="2021-12-16T08:35:05Z" name="clicklogout" finished-at="2021-12-16T08:35:06Z" depends-on-methods="testng.Phptravels.enterusernameandpassword" duration-ms="1795" status="PASS">
          <reporter-output>
          </reporter-output>
        </test-method> <!-- clicklogout -->
        <test-method is-config="true" signature="closebrowser()[pri:0, instance:testng.Phptravels@2474f125]" started-at="2021-12-16T08:35:06Z" name="closebrowser" finished-at="2021-12-16T08:35:07Z" duration-ms="256" status="PASS">
          <reporter-output>
          </reporter-output>
        </test-method> <!-- closebrowser -->
      </class> <!-- testng.Phptravels -->
    </test> <!-- Default test -->
  </suite> <!-- Default suite -->
</testng-results>
